<?xml version="1.0" encoding="UTF-8"?>
<testng-results ignored="0" total="1" passed="1" failed="0" skipped="0">
  <reporter-output>
  </reporter-output>
  <suite started-at="2022-06-19T21:40:50 IST" name="Default suite" finished-at="2022-06-19T21:41:13 IST" duration-ms="23076">
    <groups>
    </groups>
    <test started-at="2022-06-19T21:40:50 IST" name="Default test" finished-at="2022-06-19T21:41:13 IST" duration-ms="23076">
      <class name="com.test.Test_11">
        <test-method is-config="true" signature="setUp()[pri:0, instance:com.test.Test_11@6580cfdd]" started-at="2022-06-19T21:40:50 IST" name="setUp" finished-at="2022-06-19T21:41:12 IST" duration-ms="21916" status="PASS">
          <reporter-output>
          </reporter-output>
        </test-method> <!-- setUp -->
        <test-method signature="Test_001()[pri:0, instance:com.test.Test_11@6580cfdd]" started-at="2022-06-19T21:41:12 IST" name="Test_001" finished-at="2022-06-19T21:41:12 IST" duration-ms="528" status="PASS">
          <reporter-output>
          </reporter-output>
        </test-method> <!-- Test_001 -->
        <test-method is-config="true" signature="teadDown()[pri:0, instance:com.test.Test_11@6580cfdd]" started-at="2022-06-19T21:41:12 IST" name="teadDown" finished-at="2022-06-19T21:41:13 IST" duration-ms="567" status="PASS">
          <reporter-output>
          </reporter-output>
        </test-method> <!-- teadDown -->
      </class> <!-- com.test.Test_11 -->
    </test> <!-- Default test -->
  </suite> <!-- Default suite -->
</testng-results>
